Performing C SOURCE FILE Test CMAKE_HAVE_LIBC_PTHREAD failed with the following output:
Change Dir: /home/zhao/work/learn/learn_ffmpeg/gpu_decode/build/CMakeFiles/CMakeTmp

Run Build Command(s):/usr/bin/make cmTC_26253/fast && /usr/bin/make -f CMakeFiles/cmTC_26253.dir/build.make CMakeFiles/cmTC_26253.dir/build
make[1]: Entering directory '/work/learn/learn_ffmpeg/gpu_decode/build/CMakeFiles/CMakeTmp'
Building C object CMakeFiles/cmTC_26253.dir/src.c.o
/usr/bin/cc   -fPIC -DCMAKE_HAVE_LIBC_PTHREAD   -o CMakeFiles/cmTC_26253.dir/src.c.o   -c /home/zhao/work/learn/learn_ffmpeg/gpu_decode/build/CMakeFiles/CMakeTmp/src.c
Linking C executable cmTC_26253
/usr/local/bin/cmake -E cmake_link_script CMakeFiles/cmTC_26253.dir/link.txt --verbose=1
/usr/bin/cc -fPIC -DCMAKE_HAVE_LIBC_PTHREAD    -rdynamic CMakeFiles/cmTC_26253.dir/src.c.o  -o cmTC_26253 
CMakeFiles/cmTC_26253.dir/src.c.o：在函数‘main’中：
src.c:(.text+0x32)：对‘pthread_create’未定义的引用
src.c:(.text+0x3e)：对‘pthread_detach’未定义的引用
src.c:(.text+0x50)：对‘pthread_join’未定义的引用
src.c:(.text+0x67)：对‘pthread_atfork’未定义的引用
clang: error: linker command failed with exit code 1 (use -v to see invocation)
CMakeFiles/cmTC_26253.dir/build.make:86: recipe for target 'cmTC_26253' failed
make[1]: *** [cmTC_26253] Error 1
make[1]: Leaving directory '/work/learn/learn_ffmpeg/gpu_decode/build/CMakeFiles/CMakeTmp'
Makefile:121: recipe for target 'cmTC_26253/fast' failed
make: *** [cmTC_26253/fast] Error 2


Source file was:
#include <pthread.h>

void* test_func(void* data)
{
  return data;
}

int main(void)
{
  pthread_t thread;
  pthread_create(&thread, NULL, test_func, NULL);
  pthread_detach(thread);
  pthread_join(thread, NULL);
  pthread_atfork(NULL, NULL, NULL);
  pthread_exit(NULL);

  return 0;
}

Determining if the function pthread_create exists in the pthreads failed with the following output:
Change Dir: /home/zhao/work/learn/learn_ffmpeg/gpu_decode/build/CMakeFiles/CMakeTmp

Run Build Command(s):/usr/bin/make cmTC_cc828/fast && /usr/bin/make -f CMakeFiles/cmTC_cc828.dir/build.make CMakeFiles/cmTC_cc828.dir/build
make[1]: Entering directory '/work/learn/learn_ffmpeg/gpu_decode/build/CMakeFiles/CMakeTmp'
Building C object CMakeFiles/cmTC_cc828.dir/CheckFunctionExists.c.o
/usr/bin/cc   -fPIC -DCHECK_FUNCTION_EXISTS=pthread_create   -o CMakeFiles/cmTC_cc828.dir/CheckFunctionExists.c.o   -c /usr/local/share/cmake-3.15/Modules/CheckFunctionExists.c
Linking C executable cmTC_cc828
/usr/local/bin/cmake -E cmake_link_script CMakeFiles/cmTC_cc828.dir/link.txt --verbose=1
/usr/bin/cc -fPIC -DCHECK_FUNCTION_EXISTS=pthread_create    -rdynamic CMakeFiles/cmTC_cc828.dir/CheckFunctionExists.c.o  -o cmTC_cc828 -lpthreads 
/usr/bin/ld: 找不到 -lpthreads
clang: error: linker command failed with exit code 1 (use -v to see invocation)
CMakeFiles/cmTC_cc828.dir/build.make:86: recipe for target 'cmTC_cc828' failed
make[1]: *** [cmTC_cc828] Error 1
make[1]: Leaving directory '/work/learn/learn_ffmpeg/gpu_decode/build/CMakeFiles/CMakeTmp'
Makefile:121: recipe for target 'cmTC_cc828/fast' failed
make: *** [cmTC_cc828/fast] Error 2



